<?xml version="1.0" encoding="UTF-8"?>
<!-- Generated by org.testng.reporters.JUnitXMLReporter -->
<testsuite ignored="1" hostname="AIPLLAP423" failures="0" tests="1" name="Default test" time="4.187" errors="0" timestamp="2024-07-14T15:30:06 IST">
  <testcase classname="com.qa.REST.api.GetCookies" name="get_Multiple_Headers" time="4.101"/>
  <testcase classname="com.qa.REST.api.GetCookies" name="get_header" time="0.0">
    <ignored/>
  </testcase> <!-- get_header -->
</testsuite> <!-- Default test -->
