<?xml version="1.0" encoding="UTF-8"?>
<!-- Generated by org.testng.reporters.JUnitXMLReporter -->
<testsuite ignored="0" hostname="AIPLLAP423" failures="0" tests="4" name="Default test" time="9.288" errors="0" timestamp="2024-08-18T20:48:40 IST">
  <testcase classname="RestMethods.RestMethod" name="CreateUser" time="6.477"/>
  <testcase classname="RestMethods.RestMethod" name="UpdateUser" time="1.167"/>
  <testcase classname="RestMethods.RestMethod" name="Userlist" time="0.602"/>
  <testcase classname="RestMethods.RestMethod" name="DeleteUser" time="0.914"/>
</testsuite> <!-- Default test -->
