<?xml version="1.0" encoding="UTF-8"?>
<!-- Generated by org.testng.reporters.JUnitXMLReporter -->
<testsuite ignored="0" hostname="AIPLLAP423" failures="0" tests="4" name="Test" time="9.724" errors="0" timestamp="2024-08-18T21:20:06 IST">
  <testcase classname="RestMethods.RestMethod" name="CreateUser" time="6.307"/>
  <testcase classname="RestMethods.RestMethod" name="UpdateUser" time="1.374"/>
  <testcase classname="RestMethods.RestMethod" name="Userlist" time="0.486"/>
  <testcase classname="RestMethods.RestMethod" name="DeleteUser" time="0.91"/>
</testsuite> <!-- Test -->
